0 info it worked if it ends with ok
1 verbose cli [ 'c:\\Program Files\\nodejs\\node.exe',
1 verbose cli   'c:\\Program Files\\nodejs\\node_modules\\npm\\bin\\npm-cli.js',
1 verbose cli   'start' ]
2 info using npm@1.1.65
3 info using node@v0.8.14
4 verbose read json c:\Users\Casey Moncur\Documents\GitHub\MoncurFlix\package.json
5 verbose run-script [ 'prestart', 'start', 'poststart' ]
6 info prestart MoncurFlixAPI@0.0.1
7 info start MoncurFlixAPI@0.0.1
8 verbose unsafe-perm in lifecycle true
9 silly exec cmd "/c" "coffee api.coffee"
10 silly cmd,/c,coffee api.coffee,c:\Users\Casey Moncur\Documents\GitHub\MoncurFlix spawning
11 info MoncurFlixAPI@0.0.1 Failed to exec start script
12 error MoncurFlixAPI@0.0.1 start: `coffee api.coffee`
12 error `cmd "/c" "coffee api.coffee"` failed with 1
13 error Failed at the MoncurFlixAPI@0.0.1 start script.
13 error This is most likely a problem with the MoncurFlixAPI package,
13 error not with npm itself.
13 error Tell the author that this fails on your system:
13 error     coffee api.coffee
13 error You can get their info via:
13 error     npm owner ls MoncurFlixAPI
13 error There is likely additional logging output above.
14 error System Windows_NT 6.2.8400
15 error command "c:\\Program Files\\nodejs\\node.exe" "c:\\Program Files\\nodejs\\node_modules\\npm\\bin\\npm-cli.js" "start"
16 error cwd c:\Users\Casey Moncur\Documents\GitHub\MoncurFlix
17 error node -v v0.8.14
18 error npm -v 1.1.65
19 error code ELIFECYCLE
20 verbose exit [ 1, true ]
